<?xml version="1.0" encoding="UTF-8"?>
<!-- Generated by org.testng.reporters.JUnitReportReporter -->
<testsuite skipped="0" hostname="MissionPossible" name="com.cucumber.framework.runner.EcommerceRunner" tests="1" failures="0" timestamp="28 Apr 2018 09:33:57 GMT" time="53.798" errors="0">
  <testcase name="feature" time="53.798" classname="com.cucumber.framework.runner.EcommerceRunner"/>
</testsuite> <!-- com.cucumber.framework.runner.EcommerceRunner -->
