<?xml version="1.0" encoding="UTF-8"?>
<!-- Generated by org.testng.reporters.JUnitReportReporter -->
<testsuite skipped="0" hostname="MissionPossible" name="com.cucumber.framework.stepdefinitions.Temp" tests="1" failures="0" timestamp="26 Apr 2018 12:57:12 GMT" time="0.026" errors="0">
  <testcase name="Simple" time="0.026" classname="com.cucumber.framework.stepdefinitions.Temp"/>
</testsuite> <!-- com.cucumber.framework.stepdefinitions.Temp -->
