<?xml version="1.0" encoding="UTF-8"?>
<!-- Generated by org.testng.reporters.JUnitReportReporter -->
<testsuite skipped="0" hostname="MissionPossible" name="com.cucumber.framework.runner.FunctionalTest" tests="1" failures="0" timestamp="22 Apr 2018 14:49:32 GMT" time="51.406" errors="0">
  <testcase name="feature" time="51.406" classname="com.cucumber.framework.runner.FunctionalTest"/>
</testsuite> <!-- com.cucumber.framework.runner.FunctionalTest -->
